TOTAL: 319
CHUNK: 0
0x6890cB395266E3Ae3fE2EC1a3FA731a56Aea8d95 11095209921422527325412000
0xE907d213882A99d1fD3170cAb57E8b07bBfD4D03 2000000000000000
0x9265A32A55ea9024bB1877d3EFfb3A2d8198bF11 6943495154084823623226000
0x99790Cc8052BbC281e6432066cB8C5bb62234101 2543106177383062493735000
0x7B445D9A8d8F525a6Ef0F4230C9192B3abDAc295 694298255666371828957000
0x38f8729C60E213D7e611263dDbb865D9EC303F6C 199892488879558184764000
0x70Ab3e18FFB6944bEF4a8D9e742B09B32318cEC8 501049737574979029592000
0x79221F8D2851F4Fd99958E4D3776Fb252D0145fe 1000090816932586284322000
0x3FCcf9dB9BF198abbfD26C222641D8b80db7e0C6 4590086558701605578950000
0x4ED54e0b78e5F3d5f1E404efDd6dB774d4A53A41 420676445389522347000
0x8EF20598C3B9eEf1fB8645C8D2EB2FD37eE80fB0 79525366276289616196000
0xc476d444700B7494D82F0ED8F4a7E985EBb62f53 371078398220733664857000
0x7Dc0565aAb88fcA8B65A087D9cA9121ea3d16Bd0 1544845714204397272000
0x6107B6a7D33936Aa1Ce144397D3A8d4E5A9a22e3 373221069028759216273000
0xB2b20c370b1457EeB78A923Bf93aFb04732fc92E 228209983477398426653000
0x60Da7910570073064aE7ECf738bd8Ef229BdAFb6 165549471192411895000
0x2ad465E01aca8Ed427C493B47FD98aeF16B071EC 21304310270007690561645000
0xcedCAee24839836e65B4e58f771100328d99aEdB 473649780474743497790000
0x99e6E914a48aB391880197EabE460f39BA281364 19004213928714647322477000
0x1dA52b44C1D6bADe835038d9ce1cEec974685afb 56322537366549526817000
0x246559FC465083eaAa17F33217BA88D525315c42 667998352987288617000
0x607D3bf5403037DAe614a4770B67c295F641a05c 24801333788017637037000
0xcDCAb4215770ebB353451adaf18c939b160177F7 1858808796080250780557000
0x2788cdB820Aa0E45f3209725E6CAE155F018fFc1 24473379257727328320000
0x4ff12FA4A2C6d471FDfA3cE80b8bFbB560269d95 1560712281507449801199000
0x091CF969403F47A1a38EbF2abdd0C4fd1A125739 1057135817983835800426000
0xd7430AB7A97b84F166ac63b17332ECb07A1eBc0A 166096588076149141232000
0x332519eEc182CE63DDf6bdFbDB6D4241bdfaB243 1044646927349700818339000
0xbf4546C33F0d1Ff59aacc3d53fE5F77C7cb3f327 109613727643103861992000
0x0B8FBFd18B42BF001D2ee7c68Aa252de28adb896 194430998324367902037000
0xc2221D3a952111012Bd3026B1292E1E7E4Cba2C7 911294622439774751998000
0xDF740AD3D23182cbD8600321796b888A63C1478d 517080078060444810853000
0xbdcF666445B2b52866a77ED14807400d7B5FE8aB 981430211586810841886000
0x36C76c6b6583326Cf3eF75FFA66c3c203dbD3a09 27214300454369297363000
0x6D5E49bF3805Db99D2511AA9518e4A12451B67B3 100571729309547310818000
0x966208291Bf876A817cDA4cb310dEC2388793c48 100377808961177957761000
0xAE0f0B8D6Bcd855Ab3e1473261E6F420C88E9FcD 94683253426324808307000
0xD45BF81C93D0154033E74F265d19e0de9b4C723E 62767766308490798401000
0x60D3316978074633362C99C87DB11d222b926355 2097451622094119817000
0xd61Ed0dcf14457F8Fc0e203eC6009d83dC50e7cd 19625688955032427540722000
0x5b1E8678060A3109cDeAFd52fe240002baaB27dA 28435518308165420444000
0x9D15a622424d5381bE19EdC139bcce084b4Cc847 1324771644048492315783000
0x53780B3e96D2F2b9c171F94cAC8E96d6FA4E094F 689453117428698151497000
0x62feDf59A417bBA443414B5B9697c0E079Ac4cc9 205812546507403647907000
0x1A2E0824d53F2eE00DF3d63eC93BfEebD83ebbC8 4070491409447779297819000
0x284c356E9Dae86577C3702f099d089c66eA08C85 4068796781085774740254000
0xBCbE5faA3ef92222e02b85f40dA9a284862D937A 4118044483972437396743000
0xa011d3E1e9786064d53F40E69F49715dA7c94bF3 4006731125450685502339000
0x72A16C117263dc60606f4b88d2Cdf57c6aB758E6 11574583089202293766327000
0x6C187Aae53a8Cc20268106dBcCA681bB790dC9dF 1718430380270735102000
Send tx: 0x67df5dd4b41ed23716f02d01c294d7cb62aef6e2cefb61e56fb4562072bc669b result:  true
CHUNK: 50
0xdeF98a27fdE432c0F4577519989E97c20f356CA5 109178821885612051698000
0xF4A0bfB8b8C75f5d0caAED25b248a96f5F02A703 710856336737684402167000
0x5Ad38365B96fA6807A4e8f22F9b2fb737D28C4C8 913860651089650025109000
0x80EdDF43d843A44D9aAB1AF96D4e6c767A984a27 2450999371744616424000
0xd0EfF6246A888435124A9D4e8CbEEFb05BAf8260 119959991047931891362000
0x74405E9947532d059D159db0C09D4350476304C0 2079750813537506958401000
0xf8E12de36869ae82F67C3ee0d9e1c8fca53Fb29b 9006228803880784593000
0x3e1F59b5a398C114Cf7E2803C923C2FD6d0C0825 10000000000000349118384000
0xf20eF1A85854eb081593F38AD71E75D4Ad9BD017 9608293552627825685000
0x2B395A2088B768dd9b26d7F7c6c905e806Ac0147 1241287873433820280000
0x7458f52C4a7F0e443E757E2976E55B2F3951d6Ee 7660866383136183779000
0xe808882D2a7a622C553132d1c6EE2C6Fc7568B88 2549351441554786553000
0x30f30f941c79ce2Edb6720Ec20F99ADe35DD390b 770923087254131272595000
0xE1FFc01c68090b409664b79595f271169517242D 154756938377372957323000
0x67D5c3c6507c8599799e4fa59E38388FeDf29A85 21132767288015699132000
0x8Fea439E83AC8F38366169e2a6EcC880cD224d91 505240723138857476656000
0x45c67eD7E7E63E396C53bf340Fb6509B835b6329 2575495698170302503000
0x7D1F895aB03707B91200583fFB1Dd9cb0B6e5fd3 9970473821308140229000
0xDb858Ff60edB66d39bFFbDcbf26a22Ca1192C28D 143327855991213389691000
0xdb63Fe40EC8A751BeccE40239E00B5807e2afA01 113583799791960051973000
0xc15B85397F54AD750940a70CC88b21b103F8D3B5 54212356996089970518000
0x22C5B9b4DF12901c4eB3b9503ec24AC7a27C891e 1512534860096629046670000
0xD6a5204B22f9a3CAfE541abF5f12E11fb6eb880a 2433553532426307791000
0xEEbF6471d055541FaCEdF0A51A093dE36C250C20 19095078413601526645000
0xd364166D996ecDe05AdB0FAcC376492B0573028D 13062293250922636432000
0x02693968A46f0E1D3580D5A1A632522d027d0229 7171292592111263472714000
0xfa06f58F2d17f86bB98f727F8F0647eFf13F879E 430659351532532572784000
0xB5cA7DCb3F1A81f5DBa96954696a9D041F2582d8 12577526477015173256501000
0x3E77BbCc0A80B3c3d2E0d2D14502835A40281Ef1 507362462533821585937000
0x1978C5800DaB526e5A2B1C89EB3A1691ECd8bA75 150832341975193649976000
0x4291ab8a26EFdf45a89F1b4bA2aaD8229A778a9b 2832698856645424631000
0x9aDd119e92261d93c65587c979043e02eEb99Acc 13632145257126701617000
0x1dCC0D6EF8e56749B7f3da8c784ed9DBd0755c47 373737482592104811482000
0x4AB56Fba24C111C5Cec929592666612FAA73E901 101337000000000000000000
0x742aBc337940d1F1cF49B39d7111e8B8e075dDa3 12675603823988052001000
0x62D35DfB446ff09AeF0a9a0DF4970907955a9c29 54231029281000364471000
0x0ebbC437318AaCdC8d1496BA720b2DCE3a016f50 19100228648611088782000
0x0193112Fd3290477e3D9BDFf79cE8203D0e6402b 6486630192826815388632000
0xc3677b0d3cC7eA57f84B07fDFe68f37c59E0f770 670168246313456027743000
0xD6c824B5Ce2cD35c7F0456E176B15DC02825D99F 88259723174033088095000
0x2ea3C4CaEB13Ec30c62D6CFfd23e97Ac4fB8581c 12841900178625274874000
0x7E0d9f44E60514Ae2C97e088054Bb31ab211d8b9 14409127862989439887000
0x99cFB053bb20d8D31269816aB10d18F0571Bc69e 2055844828450319210802000
0xc0C73042bDf496291376aceB878F58B47bdcb3f7 10650023716923892620103000
0x96D450A38D2ff9F03Bd3ACA2584f50Da41D98B6d 470393893850926797608000
0x6f8C52e63160572CBBF6054593274904F4994A63 12284559912187333225000
0xa8DA7eA10811c4cA541C654D3397e2605E41986b 185788005092568672126000
0x75c964dbECC9e3315458B1e84e87284E81b05fEF 14909081029686576519000
0x272B9Dbc9385221814c77Ddb7862479346344f6f 19762999547889029185000
0xfe93be398d33caC077f35Fe36751f97A2039Db36 204399158353934537820000
Send tx: 0xd0f618f4429cae42f1c35463b5fa2eb29db34ad9bd859c3f37ee4a8eda8dcf04 result:  true
CHUNK: 100
0x984cC6F1597D8393D56D056C1F462FA223145256 50626974143144647360000
0x683133F8EAcc0d28098C777480B41ed31965e2fb 1000000000000000000000000
0xf83AAa5307607832514539CE5b73cBBc6372D6cA 5673733811200710309280000
0x4B17996749831e0716FADf4e3c77C19fcE6Df742 14450288470624518420000
0xBc61fa759918d158C41b09534aA8D1Ca27B1D538 50213695479912785949000
0x747a1Fa88c52f7cefb071e1B32899367bb45b445 2580702279281420720000
0xFa37969c4822585F3f7651beB1F621c168b80825 2090338158599934072000
0x9333950DA81dA2Ff340Abbf461Cf4b4E07e7032d 654611210955972573718000
0xdC05eeE340E93f5DfAFA2405D043717bCFea5fD4 652702137585571425767000
0x6602B455DE30b4629073F8a7324b01C8cFa0aF36 641951040183838645201000
0xB18b3f1bdC0CDC47F4e3f91CEEdb367FB57Dccf2 613415417173632012671000
0x08EE319Bcab206a9A94646185f5934D882C7cC3e 42822719236708645574000
0x52Ab38DF66A593caed38753f87FeBeDf6427B267 606080556329459181070000
0xf0772343D287d1af3E91926D3ECf97a0301777D3 598631671268098822324000
0xdE56826637f1eDb4fd89efCB2d0B085EF5cEc499 592402204396896719776000
0x8E119887c1Bd771919e6f73921Fbed9Dd59aB6A9 405099054592988749000
0xdD99CD0282dBc730EB55c6fA97406F4D5007bc8b 501117187553263803282000
0x966CC4F45C36De3d8251B46064d6a28508905a2b 5777340554723723643000
0x85D924Ea46878C0cB18C25E07118A9e7A312B015 24104846099448561616000
0xc8C3fBa2C11B097C1fE8E57909Eaf2d3B68445ce 10577617831757525827000
0xef2427d0107a89756ea9cDe71eCa8DEf6ccbE4d7 282754626898662423254000
0xaC6B0cdeD89b566b26fC89004d3B76F889A46f40 92016769662555763455000
0xa006F87B59a5cFfc8DDd70b39916C7eD3ce8f6BD 112399984229143756830000
0x7d589c9493bC5188EB60C89A3A97139BE56eEc2D 137672388652362784679000
0xF2DA7459B218e6Cfe60C8a95d6Fd17B09dA95326 18396219301089236339000
0xF95BF170B829EaBACFF4C7fbAfaFEcc99fb83491 36635180924711822810000
0x717CE11d3fd46673e87832CCd8C526227A97eA30 128026556829161592462000
0x828179158a41c6800F5C1349Db92182030F68078 88795804305373728030000
0x53E57C1C9D612D6E6B14040f2C07278D36261E27 2322266541912540464000
0x47C296aB1f84b00257bE3c3a740698C73B6643b3 25833978005990478100000
0x517eBdFED9ca20cD319977264E1c27e4fff0BE0F 60201497519174143903000
0x5B637349b81541474303509dFF7B0B964Fdc261c 126010582351313148913000
0x99A46D23475149D74CD3F092B40E351f17F0C930 10000000000000000000
0xf3E691B676182aA286B24Cb3c0B16DD7E5c8ED24 48754478950432633600000
0x4E16D2042045965C13a8d69A7783346579F2b506 921330418229672488000
0xCa1F0783E57b2012f47e5194F4E632F4283E8406 24167028740730769697000
0x61cc769CB702fB0Bd52B1CDF326E695940a67434 2048101019369658071453000
0x95B948C5fCe161820aA5f399B4d9c45107c27a99 114957110809410668929000
0x95Ab6197Ca314F2de0282045971e5862dF21B3ff 2167830391159211534444000
0xC24B4b6025969941bC3d479AeC066a030C23c122 271226868783265543196000
0xBE39c119A7bb44a182d5700F140332A331d53271 56551177541482254165000
0x8621830f4EC37965818F4d397b5Ab979c811420b 48169718907404737810000
0x9EE390967425CBb437a7F07f3482C84f4a15c450 20514195064187752977000
0x9874EAaC6A747D136535E212364308934AC29191 1367604880222753237000
0xd9f2BcefE590FEAa47bC22eE4D40673060529643 704815872303744291173000
0x37dd72BE920b4Fa5224Eac85A2a8F8aDA74892Db 225795727376566838469000
0xa494364a36106fC853c8D4621ed57D90a82317Ff 662682918889788516888000
0xBAD57aFAeF60FF182eA1f95985efE7D91FB9AC01 15664760360285251334000
0xceB61a31f5484DE05a09cB416F53d418963073c0 10041597666941540560000
0x18631BC302A8A604B3A647B82e760510fc63A29f 607946931223888491938000
Send tx: 0x72bb24baa3ae8e0fa041a2b620d6de2aac8733203e423504ccd4fecb9f0704b4 result:  true
CHUNK: 150
0x506f59BccDcdcaf774311B98Af6ABDD4f0803e4a 532675000000000000000000
0xB37602bAd4AD1EB81A4A1029F14B3f67155c990A 767325000000000000000000
0x39A669a9646A7FaDBEF7b584dCC2fC7F0B6499cc 667907524586000000000000
0x5319d089440D982D48eDeB3e7abb921817af9847 33785453024284943676000
0x4522E6eED518fa8C7BB6f3807140bd2e2a243a80 332092475414000000000000
0xfF753762379f50bD6831a697c63c4D8ce8ab00c5 1339789163962383900642000
0xa1855DC294bA0a18C80A1dA9A211CCEa1FC17aA2 41259466330874646333000
0x17Bb89fDC9C6F69A066f453872bDe8F549eF5b34 4886323545121276325468000
0xB16040a05F31483a0FbCAAA12a00e767ABb8D387 181502250554079676165000
0x6fc76578E06426026969111cc07075c6b98c694d 22690919061905628743000
0x26dd5cA5BBE69025e80c2d6f0C0E61CBd51E0f2e 208582699157524214971000
0x838B15386DB3c7969A58EA523F8A4E86351D499B 11175694179436984237000
0x4DaA5ac63464eb0d3Ce9F86955A138e138201684 134934129711345399939000
0x0799452747cF3a13C8C250d650f78E275158Aa13 1000000000000000
0x2E6F69c7197C71D1460046058714Af57802f98c8 26052807406571260657000
0x7CCD9455337e9d6C2EbB51dfbD7461AF3250CFe2 1818730418435444048000
0xA80498ABFE9b1217493175E96Ea321BBf22A2256 22834340584708391583000
0xB1e465B5aBDb82c50D82A326bB97f7636FD9F062 1181500722663254149536000
0xdC7f6d6b6Bcd89637563252Ea4796D3657Df02DD 1254166615301119954000
0x112D4bAEBbd7E90EE6A0D785e63fb1cccFDEC724 400207890316785147689000
0x484e98E84C546b5e50D80837F0285206ad3A96B6 571703006547491059000
0xaD91c68483A600c0D52b25Fc879DC05E4a3Fb38b 28511259118939677723000
0x250939EEf1aAb4C4EC467dCCEFd9ff98a3F5392d 107186367950757788000
0xCf6D9c52A9ECE8AD51fFe9520963d786834BD04F 2804602366788821560743000
0x35CDf93F57d9a329F19f2fa07bb100ff1685c7e5 11000000000000000000000
0x55A289DF30F1d83323c7e2942f63f1e34b429005 100356941597188294002000
0x0998b51439e722d2fD42a5aF58864FfeDAFDE608 50000000000000000000000
0xae1683DEf1A1BD0aAdd3d3C6d2FDcdd95c9f10Cb 525320077013459866887000
0x65C94B55267A2d1FeB0B2c2FE15c6a48Be5e7473 18474452600090232084000
0xFCF6883De6c0a8940F0d6fFb39AA6D5a8e6Ee867 2243819934806327359000
0x3b7D8C7400ACba9060EBF1ba3c6d88fB90EDE9F8 4479599602409321485000
0x809A97e09EB193F5afCC61f2FE6c1191e7E770De 75705994711480909639000
0x854e26585AdFa4E0a34b10CF07Bf3bcf20556C18 2301123250053576921000
0x4C32FaA6F03FdDC7Af2097003aDda9dcDEDBc83f 227975167907833008575000
0x532e262E9A8b123f37B6388Bc3E88CeA34b9bbc4 94807564190068272345000
0xE857da7b604356a4F4d4896F4CC25217Adb07930 38837085974628923347000
0xABb2BE66E60128E0041E20D828E5B017527d594f 31866385994938108761000
0x62f91A7d189042a725fC7D09380aCe6A0efD0e23 5424729932241924592000
0x182B1456154312CF1fB9B47A57538894A56f8E06 1341268098399239392360000
0x0216d9a6A9Ac2C9BE382A656309144AFC9D2Ce3F 2677347416978460233000
0xE551ee196F82Ee3f84cD70Da77f565AEA7F84583 282353621834467975277000
0xf72F16d9023AE00D67152243B904de159C41db69 20574792182750000517000
0xa0F61F54Ce5B20A94F241B54d3A6b7A540BdA6C4 533107257091427307567000
0x9ce737010019CD23B87CB31938869676624e550c 20712679690239640474000
0xa1634E64ef836CeBe2F4929D2DA17a4E2e0DFBd9 27914141368090730157000
0x97a6C9Fa860d40B210122f3d016710C7e3e141b3 2479613330772425118000
0x4aadb4A197E07291D8e19Dba17D9ceb327af7Bbb 31522254123414021720000
0xD594f69606999e45D0dF4Cc965FBFb6B33368ec8 14000000000000000000000
0xaDeED836d0a19c335739505dd75435dA7569Ce8f 184058565193255449979000
0xF997F9C315FaBEb92680b84AcC8e28E53740444a 65696898709906714000
Send tx: 0x250864bee8503b8a7af7da049b42efd472e7032a7432b8c30ab33923afe46cd5 result:  true
CHUNK: 200
0xEE25B16fB003d19C41D12e64Df55e104E7c52e52 9534880701784801580367000
0xaC706C1Ee5df42b5490b7ad62AC90b34BF18Ebbd 10260583838787543474000
0x17a9AEDC0D608620c8B535FDA2D7A6816Dc3d850 5345637058306839166000
0x3c060E8Bd58391C6C24919AEEe6C7Cc8D1D0669a 10365678797259122188184000
0x9BD347B0d73921b9fCA445aD282a1c5dA95E7c9E 21978140650618865389000
0xA831fC7bEa15C9B853D37BCF2a83966a5284Cf0e 1264077822139067009000
0x4A3562c091AfC653491268a4EF8b6a0aADB541C7 24984409831430226653000
0x973e368014b04ba203099A28019204fCC8185B69 187888802879459699479000
0xF2286aE18fE25d309D0215Be6BC7bA55A3245480 121228791093518518630000
0xC24aafca1Cf648B6d0dc52077A653eDe175E8C23 37096651454410948974000
0xD023c4B238DB4D58310dba4296e10B4259693c1c 702118890337176978615000
0x709aC371E19276264811eEFBD39471cf79b0FA65 1479082107518445463000
0x89087B63c030956874637aa24C3B00e95E8eD643 1383689088747475613000
0x5e73B41dEE61B6F4abf36935bD758fD945304Dde 18411520946281439911000
0xD30e219f90226CCB645536BFfa261bFAEF599EeB 72752321096450564894000
0xD6bd013F250eE27813e58CE78cCE611fB1e59F86 84440897524434512626000
0xF91c7530F9f49EaAcDB7e72c9e35cfcCC1Ccd5C0 139342686625450401551000
0xe1387C2D2B2acB4c8eE1397d97AE18b1d8582a9f 14068259698109182355000
0x51AB2d166Bc0DCCAB48e35e11EA8FCe96805AeeE 215446502397466858183000
0xcCC3f4c16aa7d4BC6f061aa9c996EccA2Baa3fb1 9189660118601822625000
0x74D6400F9480df5e5ffc76283147836bcE8D3c95 390017445851827837609000
0x08A380086F192d11F62d0BE51E6E8A1bf2ca84A6 78758562830617750000
0xa7527de8af3B8dAb438Ae3C419588286505eEe76 1195031780832542688565000
0xB3F83135C5CE28FE622F11397c77aFd4e350861b 127517333154943205904000
0x5BA47E307B78272dbe9a50747D41D212d09d9C54 29876634292032656809000
0x3310577bf61cac7c12f01E6f60567166604a5EF0 31666861730740842929000
0xA7090cE83Cd3F18CFCB4572980e6e9EF18ac687E 344989938680277838443000
0x10a09930A1a9AC8FC760A78Ca76CDbFf1bEaDAF0 98525041616918574970000
0x1d96aE9a150EaB94623428aF647804713D59Be48 23375740047969175067000
0x9C5a8a0984303F59aeDaD8ec3cf2990BCc2AcD1A 9609488053719795604000
0xC85987887402a5C7181F116ee3BF8c650623fECF 3006842336726768624000
0x97A683429876687F3b582764F5fe16507D2602bb 97610197052294354893000
0x272Df0e35E9b8941fAb945ba8f7FfB50bA7D47A8 160545471960775526767000
0x50c40911e63c5b0850e12e423D3D3750233272Ff 16903492570795723915000
0x3b8f73854E10aff2FD685B3404A853739755b1B3 5424603080033006607000
0xf65a2A874802dC423922535A14b33330FE1Ce417 18000000000000000000000
0x2DE97532E8957264b6168e2946D62770507cfc3f 310917999462706093603000
0xd55593be6f446A1E35dF81842018a54A79450684 26282044558345532677900000
0x0c58754eCeAE91fda63bF697b04a4912370714A9 3814868447000000000000
0xD151d1E2353a1Cb019054df3Ef7A7ce6fF86ef67 80342444135155608912000
0x03fa916181692A6929bE3b370b1562a679dc7A5a 12792911541186589947000
0x6388700204c419A144200f51cf6E4141076E9eb9 8919077784653339403936000
0x403a52AFe80B4cE6930e6b2b746aC8E22F8144ac 673941237426306726899000
0x6edF40ea39c4623e3De39Aa7c3932BC07a8F8087 71263846823078885886000
0xBc439F323005E8DC32Eeb17eB03163012f4304aC 238020425867181272057000
0x71D7620F02Fa4024f699121C4697d3d141DFA994 24548246412017706132000
0x02b59783Ae72a0a0C43DfDb31a4364fB93853973 4917920246165513773000
0x7262455483Cc4aF7b27b3299F2ba90863B5e2768 3775067935110656443457000
0x194fD6EB2B35ff43233b30EB35DD89eC6AcEbBf5 52437022220679652026000
0x2b39E7621d3fF34d648B3Da2Aaca341B08e5578b 27696123290460855946000
Send tx: 0xb3ac519f5453592f9a01b889aa6ce98c8db5ebe93e1f4a90bf5a8c238e24cedd result:  true
CHUNK: 250
0x2AA7f8aE5F417617d8336B8d80D2067c2d84268e 159393102992405740370000
0xc573e77bb99cFFea209437A7FFa9111Cf7660a9b 12625782827114702771000
0x4fCE3fAed9f7c95859aF654F1Bbd42f7EA24722F 24983283968475844701000
0xae2d5622138B1E71d884284C0014d6577fE69134 7858332343349825013000
0x57b9490C74A44294EFb41D263572bD8998bBDcEC 303791080374767194570000
0x6596123B6d54C62b48D53F7b691A719aDea74990 47019604093307506442000
0xFC4141CcbC31a409B60507863A21d45bF1526Ec6 568731406589535616793000
0x206E4dDD00f7717cb7781393a6b23324201eE6E1 19487349383186924255000
0xe374Dd1BaB5afa5c97793c788caB14283381f634 1715631538727064363000
0xDd39390d829e6a04ac4430AbA1AcC056bB849a27 8235542722600927111000
0x51f61C3587DBb9A13979c00EE382050558bd08b1 12365105554861642691000
0xAEF57C7b7De8887A97d4Fc50E5aBa573236F292d 10949966318144580414000
0x4064B20ceB7Cc7DBaf6Fe07C48979E1F2641A4a2 3597412234380007476112000
0x9047089727E2e644cea28836efb5F3B3C95b5B36 71335332822684194811000
0x3cC38DF81A3211817dD83966280FA08459E08d48 28455330085946478605000
0x1117D2a40Cb705DE4E5a7D41a354458bDC2049E7 31016575994897688951000
0x769fbf7b42d86d03BafD4205d57BD65690443C20 11645545855162748863000
0xe494876cD53D2D6e8Ad8Ea870B12c4E508abdCA0 21765602984153020505000
0xaeB32e8DdBc4496D9A15DAdA02f2BD3c3A6B3599 989666673924145271356000
0x3c8ff1e2a25809Aaf526cCc7789f36b5DC9c0A71 500000000000000000000000
0x83a9f251Ea9e2e309217D78CA8f3eEE707566B7e 1927947051606417573144000
0x09f890a4bD4b9f4D5D79c549000d9984B9B53bD7 500960899413268893343000
0xe7FE0F269D0081Ed38eE0b33BE06Ee4eB3Af64A4 1171996620352124816518000
0x2a97A6Ee1c7eB38f611b34512e8a0E1f75f613A9 30117962462807409823000
0x745358CEe19CAFaF61d82bfcad10f50b278Ed5A8 282803178954503538088000
0x3a5184a8046a29759ba9B18Bb36701e972caD85A 394195259395879265141000
0x8C2017e050261CbdDF12A5f70Db9101736AC1159 430990838314239839240000
0x68165c06F288c90Ab5867d0f9e4209014a864967 464870920542347799544000
0xD3dFe32620272b7fDF7B6a5E1D5de1bB16509411 499153146728066496167000
0x2fb8f1799F8950673b372654bF87561Ded2607a5 504583578324521942417000
0xCE077CE386C107E4283cd523B8e309ECCdD8230E 525595327252560413420000
0x344711f294CB4698f573B31b4b06B59AcEDD0Fe9 578355644577910770819000
0x01Df28B26D8C832EC5Ce7b4697a47c3337e50F6b 5409784812462727827000
0xE21500b201DAc39e715876dadd723eC46E3EaDd6 219549065854034235864000
0x10A954cA2e6A2961A976da392fC9Bfe16f999816 1019923492223875425705000
0x71CeF5468d265Ec63967dF8dF21CE8e59a6a6bcb 37989996302762613341000
0x05D07a68aFA01d52fBCb2aFA5C83726c801C984a 358930841314138511946000
0x937b4b15D87DCD89F9Ee6acDc7D7DE3B69E44637 14429732911559679361000
0x0c2e34c32204cBE44d3AC6C9a046ee5EC07350E5 400000000000000000000000
0xb8EACeb66F0E8bFEf322ce558aC3DCA798517a91 9496419033916625231000
0xf50F6D4c71eD4ecfeb4b1b7C622D5a61Ee67f7C8 572915570207359092000
0x257ed10D9eDe8232839d4EF1B6bceD9e2B5085A5 1005511505362445732515000
0xE8ABf95349755d84EC60b455Ef3e06880A111aEF 2000000000000000000000000
0x0C47500d9e2a6dfa13151d64CafF6BaFEbd5317A 33255750573105265784000
0x21B6DacfDAfA575242bC5cbD3a35698feCbDf57B 5849305948034895564796000
0x76c3634Cd352D2Ee2AD46AE43Bb0bf767cE39988 502674327014810476892000
0x4674532a08353E623B9A7Fe4FeFB7a16FD02C2d1 502672757356709306636000
0xA9154Aada234b1536eCdd897Cd041560c52Be003 17100236212443467995357000
0x2A16C15957F3277c56aEa5B4456e7b3860ad5A39 7803156166522323328845000
0x687f100c8890d70B554751dD57720A773C42202e 2588327506656784617000
Send tx: 0x75cd7755878477d10bbb5270ad40ee0c658a1345312653923fba19c1e4a18319 result:  true
CHUNK: 300
0xd056BEA7383b6c4136cd25B3344af1c80D405E2C 4509800356205048003530000
0xD97566061D77e6f77e0Ce87e1231327aeBF665b9 49784330432248193894000
0xc3425080f686781A6457d96797a1EF01E05A0ec0 38168033460927092257000
0xdd683A4f36e32070c58629ac94156a552576f531 92353724761099082875000
0x4246b18A682bde863359A84e2a1eCD5A8C75e0FF 19661918014053385329000
0xbFF0387fb6C27fDA5109Ff5c78489dd49123366a 142480890868648488834000
0xE0487E9423CD7121A5eF75aFE354955F464B700C 125934053938627854565000
0xc3d9C6Ef1BA7Bb9BdbA7541d42a58326AB0E3961 3617741922049815760162000
0xb17961F1B428FA11A901F8B424e45c41De499632 1057346860096554999334000
0xACc9963898979a90E37f4B322124A3a0046c745C 1243898696967257611000
0x38daA09c08319c04aa48b1f99Fc317dF3eB4c11B 57532818406872349720000
0x96E35fEb0A4F997E0cf918b239C4298c1015534c 10997988997583848324000
0x888c636fc34aADA02942262c78B7be8Ded0C93A9 18763188383423568845000
0x986A188a9214D6AA1aF31eA340886264E38cA271 25300719480225181703000
0xd282f8170bfC5102D48556FFaEAea97Ec763f6Ac 1151637144221975610000
0xb747103716077f94dedab15EbDab2495c376B77B 470259385593579439481000
0x8df082fb32D478C7827ed86016A79cc060E4C1Dd 13582518127236187056228000
0x2839EF5E2E778B2c12F87964205805ddB371a48c 1376028271065730384670000
0x091dD81C8B9347b30f1A4d5a88F92d6F2A42b059 33208629061659251959317000
Send tx: 0xdc243241a14704094c4d754c9c0d3e4ac4a056b94a2d992c58037223a3d3c0f7 result:  true
TOTAL USE:  398368869812438164015418000
